0 info it worked if it ends with ok
1 verbose cli [ 'node', '/usr/local/bin/npm', 'install' ]
2 info using npm@1.4.21
3 info using node@v0.10.29
4 warn package.json somewherebetweenusmobileweb@0.0.0 No description
5 warn package.json somewherebetweenusmobileweb@0.0.0 No repository field.
6 verbose readDependencies using package.json deps
7 verbose install where, deps [ '/home/rob/dev/somewherebetweenus-mobile-web',
7 verbose install   [ 'express',
7 verbose install     'grunt',
7 verbose install     'grunt-autoprefixer',
7 verbose install     'grunt-concurrent',
7 verbose install     'grunt-contrib-clean',
7 verbose install     'grunt-contrib-compass',
7 verbose install     'grunt-contrib-concat',
7 verbose install     'grunt-contrib-connect',
7 verbose install     'grunt-contrib-copy',
7 verbose install     'grunt-contrib-cssmin',
7 verbose install     'grunt-contrib-htmlmin',
7 verbose install     'grunt-contrib-imagemin',
7 verbose install     'grunt-contrib-jshint',
7 verbose install     'grunt-contrib-uglify',
7 verbose install     'grunt-contrib-watch',
7 verbose install     'grunt-filerev',
7 verbose install     'grunt-google-cdn',
7 verbose install     'grunt-newer',
7 verbose install     'grunt-ng-annotate',
7 verbose install     'grunt-svgmin',
7 verbose install     'grunt-usemin',
7 verbose install     'grunt-wiredep',
7 verbose install     'jshint-stylish',
7 verbose install     'load-grunt-tasks',
7 verbose install     'time-grunt',
7 verbose install     'grunt-karma',
7 verbose install     'karma-phantomjs-launcher',
7 verbose install     'karma-jasmine',
7 verbose install     'grunt-postcss',
7 verbose install     'grunt-build-control' ] ]
8 info preinstall somewherebetweenusmobileweb@0.0.0
9 verbose readDependencies using package.json deps
10 verbose cache add [ 'grunt-concurrent@^0.5.0', null ]
11 verbose cache add name=undefined spec="grunt-concurrent@^0.5.0" args=["grunt-concurrent@^0.5.0",null]
12 verbose parsed url { protocol: null,
12 verbose parsed url   slashes: null,
12 verbose parsed url   auth: null,
12 verbose parsed url   host: null,
12 verbose parsed url   port: null,
12 verbose parsed url   hostname: null,
12 verbose parsed url   hash: null,
12 verbose parsed url   search: null,
12 verbose parsed url   query: null,
12 verbose parsed url   pathname: 'grunt-concurrent@^0.5.0',
12 verbose parsed url   path: 'grunt-concurrent@^0.5.0',
12 verbose parsed url   href: 'grunt-concurrent@^0.5.0' }
13 verbose cache add [ 'grunt-autoprefixer@^0.7.3', null ]
14 verbose cache add name=undefined spec="grunt-autoprefixer@^0.7.3" args=["grunt-autoprefixer@^0.7.3",null]
15 verbose parsed url { protocol: null,
15 verbose parsed url   slashes: null,
15 verbose parsed url   auth: null,
15 verbose parsed url   host: null,
15 verbose parsed url   port: null,
15 verbose parsed url   hostname: null,
15 verbose parsed url   hash: null,
15 verbose parsed url   search: null,
15 verbose parsed url   query: null,
15 verbose parsed url   pathname: 'grunt-autoprefixer@^0.7.3',
15 verbose parsed url   path: 'grunt-autoprefixer@^0.7.3',
15 verbose parsed url   href: 'grunt-autoprefixer@^0.7.3' }
16 verbose cache add name="grunt-concurrent" spec="^0.5.0" args=["grunt-concurrent","^0.5.0"]
17 verbose parsed url { protocol: null,
17 verbose parsed url   slashes: null,
17 verbose parsed url   auth: null,
17 verbose parsed url   host: null,
17 verbose parsed url   port: null,
17 verbose parsed url   hostname: null,
17 verbose parsed url   hash: null,
17 verbose parsed url   search: null,
17 verbose parsed url   query: null,
17 verbose parsed url   pathname: '^0.5.0',
17 verbose parsed url   path: '^0.5.0',
17 verbose parsed url   href: '^0.5.0' }
18 verbose addNamed [ 'grunt-concurrent', '^0.5.0' ]
19 verbose addNamed [ null, '>=0.5.0-0 <0.6.0-0' ]
20 verbose cache add [ 'grunt-contrib-copy@^0.5.0', null ]
21 verbose cache add name=undefined spec="grunt-contrib-copy@^0.5.0" args=["grunt-contrib-copy@^0.5.0",null]
22 verbose parsed url { protocol: null,
22 verbose parsed url   slashes: null,
22 verbose parsed url   auth: null,
22 verbose parsed url   host: null,
22 verbose parsed url   port: null,
22 verbose parsed url   hostname: null,
22 verbose parsed url   hash: null,
22 verbose parsed url   search: null,
22 verbose parsed url   query: null,
22 verbose parsed url   pathname: 'grunt-contrib-copy@^0.5.0',
22 verbose parsed url   path: 'grunt-contrib-copy@^0.5.0',
22 verbose parsed url   href: 'grunt-contrib-copy@^0.5.0' }
23 verbose cache add [ 'grunt-contrib-clean@^0.5.0', null ]
24 verbose cache add name=undefined spec="grunt-contrib-clean@^0.5.0" args=["grunt-contrib-clean@^0.5.0",null]
25 verbose parsed url { protocol: null,
25 verbose parsed url   slashes: null,
25 verbose parsed url   auth: null,
25 verbose parsed url   host: null,
25 verbose parsed url   port: null,
25 verbose parsed url   hostname: null,
25 verbose parsed url   hash: null,
25 verbose parsed url   search: null,
25 verbose parsed url   query: null,
25 verbose parsed url   pathname: 'grunt-contrib-clean@^0.5.0',
25 verbose parsed url   path: 'grunt-contrib-clean@^0.5.0',
25 verbose parsed url   href: 'grunt-contrib-clean@^0.5.0' }
26 verbose cache add [ 'grunt-contrib-cssmin@^0.9.0', null ]
27 verbose cache add name=undefined spec="grunt-contrib-cssmin@^0.9.0" args=["grunt-contrib-cssmin@^0.9.0",null]
28 verbose parsed url { protocol: null,
28 verbose parsed url   slashes: null,
28 verbose parsed url   auth: null,
28 verbose parsed url   host: null,
28 verbose parsed url   port: null,
28 verbose parsed url   hostname: null,
28 verbose parsed url   hash: null,
28 verbose parsed url   search: null,
28 verbose parsed url   query: null,
28 verbose parsed url   pathname: 'grunt-contrib-cssmin@^0.9.0',
28 verbose parsed url   path: 'grunt-contrib-cssmin@^0.9.0',
28 verbose parsed url   href: 'grunt-contrib-cssmin@^0.9.0' }
29 verbose cache add [ 'grunt-contrib-compass@^0.7.2', null ]
30 verbose cache add name=undefined spec="grunt-contrib-compass@^0.7.2" args=["grunt-contrib-compass@^0.7.2",null]
31 verbose parsed url { protocol: null,
31 verbose parsed url   slashes: null,
31 verbose parsed url   auth: null,
31 verbose parsed url   host: null,
31 verbose parsed url   port: null,
31 verbose parsed url   hostname: null,
31 verbose parsed url   hash: null,
31 verbose parsed url   search: null,
31 verbose parsed url   query: null,
31 verbose parsed url   pathname: 'grunt-contrib-compass@^0.7.2',
31 verbose parsed url   path: 'grunt-contrib-compass@^0.7.2',
31 verbose parsed url   href: 'grunt-contrib-compass@^0.7.2' }
32 verbose cache add [ 'grunt-contrib-htmlmin@^0.3.0', null ]
33 verbose cache add name=undefined spec="grunt-contrib-htmlmin@^0.3.0" args=["grunt-contrib-htmlmin@^0.3.0",null]
34 verbose parsed url { protocol: null,
34 verbose parsed url   slashes: null,
34 verbose parsed url   auth: null,
34 verbose parsed url   host: null,
34 verbose parsed url   port: null,
34 verbose parsed url   hostname: null,
34 verbose parsed url   hash: null,
34 verbose parsed url   search: null,
34 verbose parsed url   query: null,
34 verbose parsed url   pathname: 'grunt-contrib-htmlmin@^0.3.0',
34 verbose parsed url   path: 'grunt-contrib-htmlmin@^0.3.0',
34 verbose parsed url   href: 'grunt-contrib-htmlmin@^0.3.0' }
35 verbose cache add [ 'grunt-contrib-imagemin@^0.8.1', null ]
36 verbose cache add name=undefined spec="grunt-contrib-imagemin@^0.8.1" args=["grunt-contrib-imagemin@^0.8.1",null]
37 verbose parsed url { protocol: null,
37 verbose parsed url   slashes: null,
37 verbose parsed url   auth: null,
37 verbose parsed url   host: null,
37 verbose parsed url   port: null,
37 verbose parsed url   hostname: null,
37 verbose parsed url   hash: null,
37 verbose parsed url   search: null,
37 verbose parsed url   query: null,
37 verbose parsed url   pathname: 'grunt-contrib-imagemin@^0.8.1',
37 verbose parsed url   path: 'grunt-contrib-imagemin@^0.8.1',
37 verbose parsed url   href: 'grunt-contrib-imagemin@^0.8.1' }
38 verbose cache add [ 'grunt-contrib-concat@^0.4.0', null ]
39 verbose cache add name=undefined spec="grunt-contrib-concat@^0.4.0" args=["grunt-contrib-concat@^0.4.0",null]
40 verbose parsed url { protocol: null,
40 verbose parsed url   slashes: null,
40 verbose parsed url   auth: null,
40 verbose parsed url   host: null,
40 verbose parsed url   port: null,
40 verbose parsed url   hostname: null,
40 verbose parsed url   hash: null,
40 verbose parsed url   search: null,
40 verbose parsed url   query: null,
40 verbose parsed url   pathname: 'grunt-contrib-concat@^0.4.0',
40 verbose parsed url   path: 'grunt-contrib-concat@^0.4.0',
40 verbose parsed url   href: 'grunt-contrib-concat@^0.4.0' }
41 verbose cache add [ 'grunt-contrib-connect@^0.7.1', null ]
42 verbose cache add name=undefined spec="grunt-contrib-connect@^0.7.1" args=["grunt-contrib-connect@^0.7.1",null]
43 verbose parsed url { protocol: null,
43 verbose parsed url   slashes: null,
43 verbose parsed url   auth: null,
43 verbose parsed url   host: null,
43 verbose parsed url   port: null,
43 verbose parsed url   hostname: null,
43 verbose parsed url   hash: null,
43 verbose parsed url   search: null,
43 verbose parsed url   query: null,
43 verbose parsed url   pathname: 'grunt-contrib-connect@^0.7.1',
43 verbose parsed url   path: 'grunt-contrib-connect@^0.7.1',
43 verbose parsed url   href: 'grunt-contrib-connect@^0.7.1' }
44 verbose cache add [ 'grunt-contrib-jshint@^0.10.0', null ]
45 verbose cache add name=undefined spec="grunt-contrib-jshint@^0.10.0" args=["grunt-contrib-jshint@^0.10.0",null]
46 verbose parsed url { protocol: null,
46 verbose parsed url   slashes: null,
46 verbose parsed url   auth: null,
46 verbose parsed url   host: null,
46 verbose parsed url   port: null,
46 verbose parsed url   hostname: null,
46 verbose parsed url   hash: null,
46 verbose parsed url   search: null,
46 verbose parsed url   query: null,
46 verbose parsed url   pathname: 'grunt-contrib-jshint@^0.10.0',
46 verbose parsed url   path: 'grunt-contrib-jshint@^0.10.0',
46 verbose parsed url   href: 'grunt-contrib-jshint@^0.10.0' }
47 verbose cache add [ 'grunt-contrib-uglify@^0.4.0', null ]
48 verbose cache add name=undefined spec="grunt-contrib-uglify@^0.4.0" args=["grunt-contrib-uglify@^0.4.0",null]
49 verbose parsed url { protocol: null,
49 verbose parsed url   slashes: null,
49 verbose parsed url   auth: null,
49 verbose parsed url   host: null,
49 verbose parsed url   port: null,
49 verbose parsed url   hostname: null,
49 verbose parsed url   hash: null,
49 verbose parsed url   search: null,
49 verbose parsed url   query: null,
49 verbose parsed url   pathname: 'grunt-contrib-uglify@^0.4.0',
49 verbose parsed url   path: 'grunt-contrib-uglify@^0.4.0',
49 verbose parsed url   href: 'grunt-contrib-uglify@^0.4.0' }
50 verbose cache add [ 'grunt-contrib-watch@^0.6.1', null ]
51 verbose cache add name=undefined spec="grunt-contrib-watch@^0.6.1" args=["grunt-contrib-watch@^0.6.1",null]
52 verbose parsed url { protocol: null,
52 verbose parsed url   slashes: null,
52 verbose parsed url   auth: null,
52 verbose parsed url   host: null,
52 verbose parsed url   port: null,
52 verbose parsed url   hostname: null,
52 verbose parsed url   hash: null,
52 verbose parsed url   search: null,
52 verbose parsed url   query: null,
52 verbose parsed url   pathname: 'grunt-contrib-watch@^0.6.1',
52 verbose parsed url   path: 'grunt-contrib-watch@^0.6.1',
52 verbose parsed url   href: 'grunt-contrib-watch@^0.6.1' }
53 verbose cache add [ 'grunt-filerev@^0.2.1', null ]
54 verbose cache add name=undefined spec="grunt-filerev@^0.2.1" args=["grunt-filerev@^0.2.1",null]
55 verbose parsed url { protocol: null,
55 verbose parsed url   slashes: null,
55 verbose parsed url   auth: null,
55 verbose parsed url   host: null,
55 verbose parsed url   port: null,
55 verbose parsed url   hostname: null,
55 verbose parsed url   hash: null,
55 verbose parsed url   search: null,
55 verbose parsed url   query: null,
55 verbose parsed url   pathname: 'grunt-filerev@^0.2.1',
55 verbose parsed url   path: 'grunt-filerev@^0.2.1',
55 verbose parsed url   href: 'grunt-filerev@^0.2.1' }
56 verbose cache add [ 'grunt-google-cdn@^0.4.0', null ]
57 verbose cache add name=undefined spec="grunt-google-cdn@^0.4.0" args=["grunt-google-cdn@^0.4.0",null]
58 verbose parsed url { protocol: null,
58 verbose parsed url   slashes: null,
58 verbose parsed url   auth: null,
58 verbose parsed url   host: null,
58 verbose parsed url   port: null,
58 verbose parsed url   hostname: null,
58 verbose parsed url   hash: null,
58 verbose parsed url   search: null,
58 verbose parsed url   query: null,
58 verbose parsed url   pathname: 'grunt-google-cdn@^0.4.0',
58 verbose parsed url   path: 'grunt-google-cdn@^0.4.0',
58 verbose parsed url   href: 'grunt-google-cdn@^0.4.0' }
59 verbose cache add [ 'grunt-newer@^0.7.0', null ]
60 verbose cache add name=undefined spec="grunt-newer@^0.7.0" args=["grunt-newer@^0.7.0",null]
61 verbose parsed url { protocol: null,
61 verbose parsed url   slashes: null,
61 verbose parsed url   auth: null,
61 verbose parsed url   host: null,
61 verbose parsed url   port: null,
61 verbose parsed url   hostname: null,
61 verbose parsed url   hash: null,
61 verbose parsed url   search: null,
61 verbose parsed url   query: null,
61 verbose parsed url   pathname: 'grunt-newer@^0.7.0',
61 verbose parsed url   path: 'grunt-newer@^0.7.0',
61 verbose parsed url   href: 'grunt-newer@^0.7.0' }
62 verbose cache add name="grunt-autoprefixer" spec="^0.7.3" args=["grunt-autoprefixer","^0.7.3"]
63 verbose parsed url { protocol: null,
63 verbose parsed url   slashes: null,
63 verbose parsed url   auth: null,
63 verbose parsed url   host: null,
63 verbose parsed url   port: null,
63 verbose parsed url   hostname: null,
63 verbose parsed url   hash: null,
63 verbose parsed url   search: null,
63 verbose parsed url   query: null,
63 verbose parsed url   pathname: '^0.7.3',
63 verbose parsed url   path: '^0.7.3',
63 verbose parsed url   href: '^0.7.3' }
64 verbose addNamed [ 'grunt-autoprefixer', '^0.7.3' ]
65 verbose addNamed [ null, '>=0.7.3-0 <0.8.0-0' ]
66 silly lockFile 3bee7190-grunt-concurrent-0-5-0 grunt-concurrent@^0.5.0
67 verbose lock grunt-concurrent@^0.5.0 /home/rob/.npm/3bee7190-grunt-concurrent-0-5-0.lock
68 silly lockFile 071b3fa3-grunt-autoprefixer-0-7-3 grunt-autoprefixer@^0.7.3
69 verbose lock grunt-autoprefixer@^0.7.3 /home/rob/.npm/071b3fa3-grunt-autoprefixer-0-7-3.lock
70 verbose cache add name="grunt-contrib-copy" spec="^0.5.0" args=["grunt-contrib-copy","^0.5.0"]
71 verbose parsed url { protocol: null,
71 verbose parsed url   slashes: null,
71 verbose parsed url   auth: null,
71 verbose parsed url   host: null,
71 verbose parsed url   port: null,
71 verbose parsed url   hostname: null,
71 verbose parsed url   hash: null,
71 verbose parsed url   search: null,
71 verbose parsed url   query: null,
71 verbose parsed url   pathname: '^0.5.0',
71 verbose parsed url   path: '^0.5.0',
71 verbose parsed url   href: '^0.5.0' }
72 verbose addNamed [ 'grunt-contrib-copy', '^0.5.0' ]
73 verbose addNamed [ null, '>=0.5.0-0 <0.6.0-0' ]
74 silly lockFile 0ed305e4-grunt-contrib-copy-0-5-0 grunt-contrib-copy@^0.5.0
75 verbose lock grunt-contrib-copy@^0.5.0 /home/rob/.npm/0ed305e4-grunt-contrib-copy-0-5-0.lock
76 verbose cache add name="grunt-contrib-clean" spec="^0.5.0" args=["grunt-contrib-clean","^0.5.0"]
77 verbose parsed url { protocol: null,
77 verbose parsed url   slashes: null,
77 verbose parsed url   auth: null,
77 verbose parsed url   host: null,
77 verbose parsed url   port: null,
77 verbose parsed url   hostname: null,
77 verbose parsed url   hash: null,
77 verbose parsed url   search: null,
77 verbose parsed url   query: null,
77 verbose parsed url   pathname: '^0.5.0',
77 verbose parsed url   path: '^0.5.0',
77 verbose parsed url   href: '^0.5.0' }
78 verbose addNamed [ 'grunt-contrib-clean', '^0.5.0' ]
79 verbose addNamed [ null, '>=0.5.0-0 <0.6.0-0' ]
80 silly lockFile b7d63f15-grunt-contrib-clean-0-5-0 grunt-contrib-clean@^0.5.0
81 verbose lock grunt-contrib-clean@^0.5.0 /home/rob/.npm/b7d63f15-grunt-contrib-clean-0-5-0.lock
82 verbose cache add name="grunt-contrib-cssmin" spec="^0.9.0" args=["grunt-contrib-cssmin","^0.9.0"]
83 verbose parsed url { protocol: null,
83 verbose parsed url   slashes: null,
83 verbose parsed url   auth: null,
83 verbose parsed url   host: null,
83 verbose parsed url   port: null,
83 verbose parsed url   hostname: null,
83 verbose parsed url   hash: null,
83 verbose parsed url   search: null,
83 verbose parsed url   query: null,
83 verbose parsed url   pathname: '^0.9.0',
83 verbose parsed url   path: '^0.9.0',
83 verbose parsed url   href: '^0.9.0' }
84 verbose addNamed [ 'grunt-contrib-cssmin', '^0.9.0' ]
85 verbose addNamed [ null, '>=0.9.0-0 <0.10.0-0' ]
86 silly lockFile 087a6f37-grunt-contrib-cssmin-0-9-0 grunt-contrib-cssmin@^0.9.0
87 verbose lock grunt-contrib-cssmin@^0.9.0 /home/rob/.npm/087a6f37-grunt-contrib-cssmin-0-9-0.lock
88 verbose cache add name="grunt-contrib-compass" spec="^0.7.2" args=["grunt-contrib-compass","^0.7.2"]
89 verbose parsed url { protocol: null,
89 verbose parsed url   slashes: null,
89 verbose parsed url   auth: null,
89 verbose parsed url   host: null,
89 verbose parsed url   port: null,
89 verbose parsed url   hostname: null,
89 verbose parsed url   hash: null,
89 verbose parsed url   search: null,
89 verbose parsed url   query: null,
89 verbose parsed url   pathname: '^0.7.2',
89 verbose parsed url   path: '^0.7.2',
89 verbose parsed url   href: '^0.7.2' }
90 verbose addNamed [ 'grunt-contrib-compass', '^0.7.2' ]
91 verbose addNamed [ null, '>=0.7.2-0 <0.8.0-0' ]
92 silly lockFile 40018e68-grunt-contrib-compass-0-7-2 grunt-contrib-compass@^0.7.2
93 verbose lock grunt-contrib-compass@^0.7.2 /home/rob/.npm/40018e68-grunt-contrib-compass-0-7-2.lock
94 verbose cache add name="grunt-contrib-htmlmin" spec="^0.3.0" args=["grunt-contrib-htmlmin","^0.3.0"]
95 verbose parsed url { protocol: null,
95 verbose parsed url   slashes: null,
95 verbose parsed url   auth: null,
95 verbose parsed url   host: null,
95 verbose parsed url   port: null,
95 verbose parsed url   hostname: null,
95 verbose parsed url   hash: null,
95 verbose parsed url   search: null,
95 verbose parsed url   query: null,
95 verbose parsed url   pathname: '^0.3.0',
95 verbose parsed url   path: '^0.3.0',
95 verbose parsed url   href: '^0.3.0' }
96 verbose addNamed [ 'grunt-contrib-htmlmin', '^0.3.0' ]
97 verbose addNamed [ null, '>=0.3.0-0 <0.4.0-0' ]
98 silly lockFile 955689d3-grunt-contrib-htmlmin-0-3-0 grunt-contrib-htmlmin@^0.3.0
99 verbose lock grunt-contrib-htmlmin@^0.3.0 /home/rob/.npm/955689d3-grunt-contrib-htmlmin-0-3-0.lock
100 verbose cache add name="grunt-contrib-imagemin" spec="^0.8.1" args=["grunt-contrib-imagemin","^0.8.1"]
101 verbose parsed url { protocol: null,
101 verbose parsed url   slashes: null,
101 verbose parsed url   auth: null,
101 verbose parsed url   host: null,
101 verbose parsed url   port: null,
101 verbose parsed url   hostname: null,
101 verbose parsed url   hash: null,
101 verbose parsed url   search: null,
101 verbose parsed url   query: null,
101 verbose parsed url   pathname: '^0.8.1',
101 verbose parsed url   path: '^0.8.1',
101 verbose parsed url   href: '^0.8.1' }
102 verbose addNamed [ 'grunt-contrib-imagemin', '^0.8.1' ]
103 verbose addNamed [ null, '>=0.8.1-0 <0.9.0-0' ]
104 silly lockFile 053a4ec2-grunt-contrib-imagemin-0-8-1 grunt-contrib-imagemin@^0.8.1
105 verbose lock grunt-contrib-imagemin@^0.8.1 /home/rob/.npm/053a4ec2-grunt-contrib-imagemin-0-8-1.lock
106 verbose cache add name="grunt-contrib-concat" spec="^0.4.0" args=["grunt-contrib-concat","^0.4.0"]
107 verbose parsed url { protocol: null,
107 verbose parsed url   slashes: null,
107 verbose parsed url   auth: null,
107 verbose parsed url   host: null,
107 verbose parsed url   port: null,
107 verbose parsed url   hostname: null,
107 verbose parsed url   hash: null,
107 verbose parsed url   search: null,
107 verbose parsed url   query: null,
107 verbose parsed url   pathname: '^0.4.0',
107 verbose parsed url   path: '^0.4.0',
107 verbose parsed url   href: '^0.4.0' }
108 verbose addNamed [ 'grunt-contrib-concat', '^0.4.0' ]
109 verbose addNamed [ null, '>=0.4.0-0 <0.5.0-0' ]
110 silly lockFile cce3fe1f-grunt-contrib-concat-0-4-0 grunt-contrib-concat@^0.4.0
111 verbose lock grunt-contrib-concat@^0.4.0 /home/rob/.npm/cce3fe1f-grunt-contrib-concat-0-4-0.lock
112 verbose cache add name="grunt-contrib-connect" spec="^0.7.1" args=["grunt-contrib-connect","^0.7.1"]
113 verbose parsed url { protocol: null,
113 verbose parsed url   slashes: null,
113 verbose parsed url   auth: null,
113 verbose parsed url   host: null,
113 verbose parsed url   port: null,
113 verbose parsed url   hostname: null,
113 verbose parsed url   hash: null,
113 verbose parsed url   search: null,
113 verbose parsed url   query: null,
113 verbose parsed url   pathname: '^0.7.1',
113 verbose parsed url   path: '^0.7.1',
113 verbose parsed url   href: '^0.7.1' }
114 verbose addNamed [ 'grunt-contrib-connect', '^0.7.1' ]
115 verbose addNamed [ null, '>=0.7.1-0 <0.8.0-0' ]
116 silly lockFile dbe1d401-grunt-contrib-connect-0-7-1 grunt-contrib-connect@^0.7.1
117 verbose lock grunt-contrib-connect@^0.7.1 /home/rob/.npm/dbe1d401-grunt-contrib-connect-0-7-1.lock
118 verbose cache add name="grunt-contrib-jshint" spec="^0.10.0" args=["grunt-contrib-jshint","^0.10.0"]
119 verbose parsed url { protocol: null,
119 verbose parsed url   slashes: null,
119 verbose parsed url   auth: null,
119 verbose parsed url   host: null,
119 verbose parsed url   port: null,
119 verbose parsed url   hostname: null,
119 verbose parsed url   hash: null,
119 verbose parsed url   search: null,
119 verbose parsed url   query: null,
119 verbose parsed url   pathname: '^0.10.0',
119 verbose parsed url   path: '^0.10.0',
119 verbose parsed url   href: '^0.10.0' }
120 verbose addNamed [ 'grunt-contrib-jshint', '^0.10.0' ]
121 verbose addNamed [ null, '>=0.10.0-0 <0.11.0-0' ]
122 silly lockFile 1bfa20d8-grunt-contrib-jshint-0-10-0 grunt-contrib-jshint@^0.10.0
123 verbose lock grunt-contrib-jshint@^0.10.0 /home/rob/.npm/1bfa20d8-grunt-contrib-jshint-0-10-0.lock
124 verbose cache add name="grunt-contrib-uglify" spec="^0.4.0" args=["grunt-contrib-uglify","^0.4.0"]
125 verbose parsed url { protocol: null,
125 verbose parsed url   slashes: null,
125 verbose parsed url   auth: null,
125 verbose parsed url   host: null,
125 verbose parsed url   port: null,
125 verbose parsed url   hostname: null,
125 verbose parsed url   hash: null,
125 verbose parsed url   search: null,
125 verbose parsed url   query: null,
125 verbose parsed url   pathname: '^0.4.0',
125 verbose parsed url   path: '^0.4.0',
125 verbose parsed url   href: '^0.4.0' }
126 verbose addNamed [ 'grunt-contrib-uglify', '^0.4.0' ]
127 verbose addNamed [ null, '>=0.4.0-0 <0.5.0-0' ]
128 silly lockFile 2c051c6a-grunt-contrib-uglify-0-4-0 grunt-contrib-uglify@^0.4.0
129 verbose lock grunt-contrib-uglify@^0.4.0 /home/rob/.npm/2c051c6a-grunt-contrib-uglify-0-4-0.lock
130 verbose cache add name="grunt-contrib-watch" spec="^0.6.1" args=["grunt-contrib-watch","^0.6.1"]
131 verbose parsed url { protocol: null,
131 verbose parsed url   slashes: null,
131 verbose parsed url   auth: null,
131 verbose parsed url   host: null,
131 verbose parsed url   port: null,
131 verbose parsed url   hostname: null,
131 verbose parsed url   hash: null,
131 verbose parsed url   search: null,
131 verbose parsed url   query: null,
131 verbose parsed url   pathname: '^0.6.1',
131 verbose parsed url   path: '^0.6.1',
131 verbose parsed url   href: '^0.6.1' }
132 verbose addNamed [ 'grunt-contrib-watch', '^0.6.1' ]
133 verbose addNamed [ null, '>=0.6.1-0 <0.7.0-0' ]
134 silly lockFile 224b1ece-grunt-contrib-watch-0-6-1 grunt-contrib-watch@^0.6.1
135 verbose lock grunt-contrib-watch@^0.6.1 /home/rob/.npm/224b1ece-grunt-contrib-watch-0-6-1.lock
136 verbose cache add name="grunt-filerev" spec="^0.2.1" args=["grunt-filerev","^0.2.1"]
137 verbose parsed url { protocol: null,
137 verbose parsed url   slashes: null,
137 verbose parsed url   auth: null,
137 verbose parsed url   host: null,
137 verbose parsed url   port: null,
137 verbose parsed url   hostname: null,
137 verbose parsed url   hash: null,
137 verbose parsed url   search: null,
137 verbose parsed url   query: null,
137 verbose parsed url   pathname: '^0.2.1',
137 verbose parsed url   path: '^0.2.1',
137 verbose parsed url   href: '^0.2.1' }
138 verbose addNamed [ 'grunt-filerev', '^0.2.1' ]
139 verbose addNamed [ null, '>=0.2.1-0 <0.3.0-0' ]
140 silly lockFile b50faf19-grunt-filerev-0-2-1 grunt-filerev@^0.2.1
141 verbose lock grunt-filerev@^0.2.1 /home/rob/.npm/b50faf19-grunt-filerev-0-2-1.lock
142 verbose cache add name="grunt-google-cdn" spec="^0.4.0" args=["grunt-google-cdn","^0.4.0"]
143 verbose parsed url { protocol: null,
143 verbose parsed url   slashes: null,
143 verbose parsed url   auth: null,
143 verbose parsed url   host: null,
143 verbose parsed url   port: null,
143 verbose parsed url   hostname: null,
143 verbose parsed url   hash: null,
143 verbose parsed url   search: null,
143 verbose parsed url   query: null,
143 verbose parsed url   pathname: '^0.4.0',
143 verbose parsed url   path: '^0.4.0',
143 verbose parsed url   href: '^0.4.0' }
144 verbose addNamed [ 'grunt-google-cdn', '^0.4.0' ]
145 verbose addNamed [ null, '>=0.4.0-0 <0.5.0-0' ]
146 silly lockFile bf8aec2d-grunt-google-cdn-0-4-0 grunt-google-cdn@^0.4.0
147 verbose lock grunt-google-cdn@^0.4.0 /home/rob/.npm/bf8aec2d-grunt-google-cdn-0-4-0.lock
148 verbose cache add name="grunt-newer" spec="^0.7.0" args=["grunt-newer","^0.7.0"]
149 verbose parsed url { protocol: null,
149 verbose parsed url   slashes: null,
149 verbose parsed url   auth: null,
149 verbose parsed url   host: null,
149 verbose parsed url   port: null,
149 verbose parsed url   hostname: null,
149 verbose parsed url   hash: null,
149 verbose parsed url   search: null,
149 verbose parsed url   query: null,
149 verbose parsed url   pathname: '^0.7.0',
149 verbose parsed url   path: '^0.7.0',
149 verbose parsed url   href: '^0.7.0' }
150 verbose addNamed [ 'grunt-newer', '^0.7.0' ]
151 verbose addNamed [ null, '>=0.7.0-0 <0.8.0-0' ]
152 silly lockFile 78b2a39f-grunt-newer-0-7-0 grunt-newer@^0.7.0
153 verbose lock grunt-newer@^0.7.0 /home/rob/.npm/78b2a39f-grunt-newer-0-7-0.lock
154 verbose cache add [ 'grunt-ng-annotate@^0.4.0', null ]
155 verbose cache add name=undefined spec="grunt-ng-annotate@^0.4.0" args=["grunt-ng-annotate@^0.4.0",null]
156 verbose parsed url { protocol: null,
156 verbose parsed url   slashes: null,
156 verbose parsed url   auth: null,
156 verbose parsed url   host: null,
156 verbose parsed url   port: null,
156 verbose parsed url   hostname: null,
156 verbose parsed url   hash: null,
156 verbose parsed url   search: null,
156 verbose parsed url   query: null,
156 verbose parsed url   pathname: 'grunt-ng-annotate@^0.4.0',
156 verbose parsed url   path: 'grunt-ng-annotate@^0.4.0',
156 verbose parsed url   href: 'grunt-ng-annotate@^0.4.0' }
157 verbose cache add [ 'grunt-svgmin@^0.4.0', null ]
158 verbose cache add name=undefined spec="grunt-svgmin@^0.4.0" args=["grunt-svgmin@^0.4.0",null]
159 verbose parsed url { protocol: null,
159 verbose parsed url   slashes: null,
159 verbose parsed url   auth: null,
159 verbose parsed url   host: null,
159 verbose parsed url   port: null,
159 verbose parsed url   hostname: null,
159 verbose parsed url   hash: null,
159 verbose parsed url   search: null,
159 verbose parsed url   query: null,
159 verbose parsed url   pathname: 'grunt-svgmin@^0.4.0',
159 verbose parsed url   path: 'grunt-svgmin@^0.4.0',
159 verbose parsed url   href: 'grunt-svgmin@^0.4.0' }
160 verbose cache add [ 'grunt-usemin@^2.1.1', null ]
161 verbose cache add name=undefined spec="grunt-usemin@^2.1.1" args=["grunt-usemin@^2.1.1",null]
162 verbose parsed url { protocol: null,
162 verbose parsed url   slashes: null,
162 verbose parsed url   auth: null,
162 verbose parsed url   host: null,
162 verbose parsed url   port: null,
162 verbose parsed url   hostname: null,
162 verbose parsed url   hash: null,
162 verbose parsed url   search: null,
162 verbose parsed url   query: null,
162 verbose parsed url   pathname: 'grunt-usemin@^2.1.1',
162 verbose parsed url   path: 'grunt-usemin@^2.1.1',
162 verbose parsed url   href: 'grunt-usemin@^2.1.1' }
163 verbose cache add [ 'grunt-wiredep@^1.7.0', null ]
164 verbose cache add name=undefined spec="grunt-wiredep@^1.7.0" args=["grunt-wiredep@^1.7.0",null]
165 verbose parsed url { protocol: null,
165 verbose parsed url   slashes: null,
165 verbose parsed url   auth: null,
165 verbose parsed url   host: null,
165 verbose parsed url   port: null,
165 verbose parsed url   hostname: null,
165 verbose parsed url   hash: null,
165 verbose parsed url   search: null,
165 verbose parsed url   query: null,
165 verbose parsed url   pathname: 'grunt-wiredep@^1.7.0',
165 verbose parsed url   path: 'grunt-wiredep@^1.7.0',
165 verbose parsed url   href: 'grunt-wiredep@^1.7.0' }
166 verbose cache add [ 'jshint-stylish@^0.2.0', null ]
167 verbose cache add name=undefined spec="jshint-stylish@^0.2.0" args=["jshint-stylish@^0.2.0",null]
168 verbose parsed url { protocol: null,
168 verbose parsed url   slashes: null,
168 verbose parsed url   auth: null,
168 verbose parsed url   host: null,
168 verbose parsed url   port: null,
168 verbose parsed url   hostname: null,
168 verbose parsed url   hash: null,
168 verbose parsed url   search: null,
168 verbose parsed url   query: null,
168 verbose parsed url   pathname: 'jshint-stylish@^0.2.0',
168 verbose parsed url   path: 'jshint-stylish@^0.2.0',
168 verbose parsed url   href: 'jshint-stylish@^0.2.0' }
169 verbose cache add [ 'load-grunt-tasks@^0.4.0', null ]
170 verbose cache add name=undefined spec="load-grunt-tasks@^0.4.0" args=["load-grunt-tasks@^0.4.0",null]
171 verbose parsed url { protocol: null,
171 verbose parsed url   slashes: null,
171 verbose parsed url   auth: null,
171 verbose parsed url   host: null,
171 verbose parsed url   port: null,
171 verbose parsed url   hostname: null,
171 verbose parsed url   hash: null,
171 verbose parsed url   search: null,
171 verbose parsed url   query: null,
171 verbose parsed url   pathname: 'load-grunt-tasks@^0.4.0',
171 verbose parsed url   path: 'load-grunt-tasks@^0.4.0',
171 verbose parsed url   href: 'load-grunt-tasks@^0.4.0' }
172 verbose cache add [ 'time-grunt@^0.3.1', null ]
173 verbose cache add name=undefined spec="time-grunt@^0.3.1" args=["time-grunt@^0.3.1",null]
174 verbose parsed url { protocol: null,
174 verbose parsed url   slashes: null,
174 verbose parsed url   auth: null,
174 verbose parsed url   host: null,
174 verbose parsed url   port: null,
174 verbose parsed url   hostname: null,
174 verbose parsed url   hash: null,
174 verbose parsed url   search: null,
174 verbose parsed url   query: null,
174 verbose parsed url   pathname: 'time-grunt@^0.3.1',
174 verbose parsed url   path: 'time-grunt@^0.3.1',
174 verbose parsed url   href: 'time-grunt@^0.3.1' }
175 verbose cache add [ 'grunt-karma@~0.9.0', null ]
176 verbose cache add name=undefined spec="grunt-karma@~0.9.0" args=["grunt-karma@~0.9.0",null]
177 verbose parsed url { protocol: null,
177 verbose parsed url   slashes: null,
177 verbose parsed url   auth: null,
177 verbose parsed url   host: null,
177 verbose parsed url   port: null,
177 verbose parsed url   hostname: null,
177 verbose parsed url   hash: null,
177 verbose parsed url   search: null,
177 verbose parsed url   query: null,
177 verbose parsed url   pathname: 'grunt-karma@~0.9.0',
177 verbose parsed url   path: 'grunt-karma@~0.9.0',
177 verbose parsed url   href: 'grunt-karma@~0.9.0' }
178 verbose cache add [ 'karma-phantomjs-launcher@~0.1.4', null ]
179 verbose cache add name=undefined spec="karma-phantomjs-launcher@~0.1.4" args=["karma-phantomjs-launcher@~0.1.4",null]
180 verbose parsed url { protocol: null,
180 verbose parsed url   slashes: null,
180 verbose parsed url   auth: null,
180 verbose parsed url   host: null,
180 verbose parsed url   port: null,
180 verbose parsed url   hostname: null,
180 verbose parsed url   hash: null,
180 verbose parsed url   search: null,
180 verbose parsed url   query: null,
180 verbose parsed url   pathname: 'karma-phantomjs-launcher@~0.1.4',
180 verbose parsed url   path: 'karma-phantomjs-launcher@~0.1.4',
180 verbose parsed url   href: 'karma-phantomjs-launcher@~0.1.4' }
181 verbose cache add [ 'karma-jasmine@~0.3.0', null ]
182 verbose cache add name=undefined spec="karma-jasmine@~0.3.0" args=["karma-jasmine@~0.3.0",null]
183 verbose parsed url { protocol: null,
183 verbose parsed url   slashes: null,
183 verbose parsed url   auth: null,
183 verbose parsed url   host: null,
183 verbose parsed url   port: null,
183 verbose parsed url   hostname: null,
183 verbose parsed url   hash: null,
183 verbose parsed url   search: null,
183 verbose parsed url   query: null,
183 verbose parsed url   pathname: 'karma-jasmine@~0.3.0',
183 verbose parsed url   path: 'karma-jasmine@~0.3.0',
183 verbose parsed url   href: 'karma-jasmine@~0.3.0' }
184 verbose cache add [ 'grunt-postcss@~0.2.0', null ]
185 verbose cache add name=undefined spec="grunt-postcss@~0.2.0" args=["grunt-postcss@~0.2.0",null]
186 verbose parsed url { protocol: null,
186 verbose parsed url   slashes: null,
186 verbose parsed url   auth: null,
186 verbose parsed url   host: null,
186 verbose parsed url   port: null,
186 verbose parsed url   hostname: null,
186 verbose parsed url   hash: null,
186 verbose parsed url   search: null,
186 verbose parsed url   query: null,
186 verbose parsed url   pathname: 'grunt-postcss@~0.2.0',
186 verbose parsed url   path: 'grunt-postcss@~0.2.0',
186 verbose parsed url   href: 'grunt-postcss@~0.2.0' }
187 verbose cache add [ 'grunt-build-control@~0.2.2', null ]
188 verbose cache add name=undefined spec="grunt-build-control@~0.2.2" args=["grunt-build-control@~0.2.2",null]
189 verbose parsed url { protocol: null,
189 verbose parsed url   slashes: null,
189 verbose parsed url   auth: null,
189 verbose parsed url   host: null,
189 verbose parsed url   port: null,
189 verbose parsed url   hostname: null,
189 verbose parsed url   hash: null,
189 verbose parsed url   search: null,
189 verbose parsed url   query: null,
189 verbose parsed url   pathname: 'grunt-build-control@~0.2.2',
189 verbose parsed url   path: 'grunt-build-control@~0.2.2',
189 verbose parsed url   href: 'grunt-build-control@~0.2.2' }
190 verbose cache add [ 'express@~4.10.5', null ]
191 verbose cache add name=undefined spec="express@~4.10.5" args=["express@~4.10.5",null]
192 verbose parsed url { protocol: null,
192 verbose parsed url   slashes: null,
192 verbose parsed url   auth: null,
192 verbose parsed url   host: null,
192 verbose parsed url   port: null,
192 verbose parsed url   hostname: null,
192 verbose parsed url   hash: null,
192 verbose parsed url   search: null,
192 verbose parsed url   query: null,
192 verbose parsed url   pathname: 'express@~4.10.5',
192 verbose parsed url   path: 'express@~4.10.5',
192 verbose parsed url   href: 'express@~4.10.5' }
193 verbose cache add [ 'grunt@^0.4.1', null ]
194 verbose cache add name=undefined spec="grunt@^0.4.1" args=["grunt@^0.4.1",null]
195 verbose parsed url { protocol: null,
195 verbose parsed url   slashes: null,
195 verbose parsed url   auth: null,
195 verbose parsed url   host: null,
195 verbose parsed url   port: null,
195 verbose parsed url   hostname: null,
195 verbose parsed url   hash: null,
195 verbose parsed url   search: null,
195 verbose parsed url   query: null,
195 verbose parsed url   pathname: 'grunt@^0.4.1',
195 verbose parsed url   path: 'grunt@^0.4.1',
195 verbose parsed url   href: 'grunt@^0.4.1' }
196 verbose cache add name="grunt-ng-annotate" spec="^0.4.0" args=["grunt-ng-annotate","^0.4.0"]
197 verbose parsed url { protocol: null,
197 verbose parsed url   slashes: null,
197 verbose parsed url   auth: null,
197 verbose parsed url   host: null,
197 verbose parsed url   port: null,
197 verbose parsed url   hostname: null,
197 verbose parsed url   hash: null,
197 verbose parsed url   search: null,
197 verbose parsed url   query: null,
197 verbose parsed url   pathname: '^0.4.0',
197 verbose parsed url   path: '^0.4.0',
197 verbose parsed url   href: '^0.4.0' }
198 verbose addNamed [ 'grunt-ng-annotate', '^0.4.0' ]
199 verbose addNamed [ null, '>=0.4.0-0 <0.5.0-0' ]
200 silly lockFile e4ec7539-grunt-ng-annotate-0-4-0 grunt-ng-annotate@^0.4.0
201 verbose lock grunt-ng-annotate@^0.4.0 /home/rob/.npm/e4ec7539-grunt-ng-annotate-0-4-0.lock
202 verbose cache add name="grunt-svgmin" spec="^0.4.0" args=["grunt-svgmin","^0.4.0"]
203 verbose parsed url { protocol: null,
203 verbose parsed url   slashes: null,
203 verbose parsed url   auth: null,
203 verbose parsed url   host: null,
203 verbose parsed url   port: null,
203 verbose parsed url   hostname: null,
203 verbose parsed url   hash: null,
203 verbose parsed url   search: null,
203 verbose parsed url   query: null,
203 verbose parsed url   pathname: '^0.4.0',
203 verbose parsed url   path: '^0.4.0',
203 verbose parsed url   href: '^0.4.0' }
204 verbose addNamed [ 'grunt-svgmin', '^0.4.0' ]
205 verbose addNamed [ null, '>=0.4.0-0 <0.5.0-0' ]
206 silly lockFile e5c3356f-grunt-svgmin-0-4-0 grunt-svgmin@^0.4.0
207 verbose lock grunt-svgmin@^0.4.0 /home/rob/.npm/e5c3356f-grunt-svgmin-0-4-0.lock
208 verbose cache add name="grunt-usemin" spec="^2.1.1" args=["grunt-usemin","^2.1.1"]
209 verbose parsed url { protocol: null,
209 verbose parsed url   slashes: null,
209 verbose parsed url   auth: null,
209 verbose parsed url   host: null,
209 verbose parsed url   port: null,
209 verbose parsed url   hostname: null,
209 verbose parsed url   hash: null,
209 verbose parsed url   search: null,
209 verbose parsed url   query: null,
209 verbose parsed url   pathname: '^2.1.1',
209 verbose parsed url   path: '^2.1.1',
209 verbose parsed url   href: '^2.1.1' }
210 verbose addNamed [ 'grunt-usemin', '^2.1.1' ]
211 verbose addNamed [ null, '>=2.1.1-0 <3.0.0-0' ]
212 silly lockFile 910747d3-grunt-usemin-2-1-1 grunt-usemin@^2.1.1
213 verbose lock grunt-usemin@^2.1.1 /home/rob/.npm/910747d3-grunt-usemin-2-1-1.lock
214 verbose cache add name="grunt-wiredep" spec="^1.7.0" args=["grunt-wiredep","^1.7.0"]
215 verbose parsed url { protocol: null,
215 verbose parsed url   slashes: null,
215 verbose parsed url   auth: null,
215 verbose parsed url   host: null,
215 verbose parsed url   port: null,
215 verbose parsed url   hostname: null,
215 verbose parsed url   hash: null,
215 verbose parsed url   search: null,
215 verbose parsed url   query: null,
215 verbose parsed url   pathname: '^1.7.0',
215 verbose parsed url   path: '^1.7.0',
215 verbose parsed url   href: '^1.7.0' }
216 verbose addNamed [ 'grunt-wiredep', '^1.7.0' ]
217 verbose addNamed [ null, '>=1.7.0-0 <2.0.0-0' ]
218 silly lockFile 93ccb32e-grunt-wiredep-1-7-0 grunt-wiredep@^1.7.0
219 verbose lock grunt-wiredep@^1.7.0 /home/rob/.npm/93ccb32e-grunt-wiredep-1-7-0.lock
220 verbose cache add name="jshint-stylish" spec="^0.2.0" args=["jshint-stylish","^0.2.0"]
221 verbose parsed url { protocol: null,
221 verbose parsed url   slashes: null,
221 verbose parsed url   auth: null,
221 verbose parsed url   host: null,
221 verbose parsed url   port: null,
221 verbose parsed url   hostname: null,
221 verbose parsed url   hash: null,
221 verbose parsed url   search: null,
221 verbose parsed url   query: null,
221 verbose parsed url   pathname: '^0.2.0',
221 verbose parsed url   path: '^0.2.0',
221 verbose parsed url   href: '^0.2.0' }
222 verbose addNamed [ 'jshint-stylish', '^0.2.0' ]
223 verbose addNamed [ null, '>=0.2.0-0 <0.3.0-0' ]
224 silly lockFile 1d33a9dd-jshint-stylish-0-2-0 jshint-stylish@^0.2.0
225 verbose lock jshint-stylish@^0.2.0 /home/rob/.npm/1d33a9dd-jshint-stylish-0-2-0.lock
226 verbose cache add name="load-grunt-tasks" spec="^0.4.0" args=["load-grunt-tasks","^0.4.0"]
227 verbose parsed url { protocol: null,
227 verbose parsed url   slashes: null,
227 verbose parsed url   auth: null,
227 verbose parsed url   host: null,
227 verbose parsed url   port: null,
227 verbose parsed url   hostname: null,
227 verbose parsed url   hash: null,
227 verbose parsed url   search: null,
227 verbose parsed url   query: null,
227 verbose parsed url   pathname: '^0.4.0',
227 verbose parsed url   path: '^0.4.0',
227 verbose parsed url   href: '^0.4.0' }
228 verbose addNamed [ 'load-grunt-tasks', '^0.4.0' ]
229 verbose addNamed [ null, '>=0.4.0-0 <0.5.0-0' ]
230 silly lockFile b8239e6c-load-grunt-tasks-0-4-0 load-grunt-tasks@^0.4.0
231 verbose lock load-grunt-tasks@^0.4.0 /home/rob/.npm/b8239e6c-load-grunt-tasks-0-4-0.lock
232 verbose cache add name="time-grunt" spec="^0.3.1" args=["time-grunt","^0.3.1"]
233 verbose parsed url { protocol: null,
233 verbose parsed url   slashes: null,
233 verbose parsed url   auth: null,
233 verbose parsed url   host: null,
233 verbose parsed url   port: null,
233 verbose parsed url   hostname: null,
233 verbose parsed url   hash: null,
233 verbose parsed url   search: null,
233 verbose parsed url   query: null,
233 verbose parsed url   pathname: '^0.3.1',
233 verbose parsed url   path: '^0.3.1',
233 verbose parsed url   href: '^0.3.1' }
234 verbose addNamed [ 'time-grunt', '^0.3.1' ]
235 verbose addNamed [ null, '>=0.3.1-0 <0.4.0-0' ]
236 silly lockFile c6fdd19d-time-grunt-0-3-1 time-grunt@^0.3.1
237 verbose lock time-grunt@^0.3.1 /home/rob/.npm/c6fdd19d-time-grunt-0-3-1.lock
238 verbose cache add name="grunt-karma" spec="~0.9.0" args=["grunt-karma","~0.9.0"]
239 verbose parsed url { protocol: null,
239 verbose parsed url   slashes: null,
239 verbose parsed url   auth: null,
239 verbose parsed url   host: null,
239 verbose parsed url   port: null,
239 verbose parsed url   hostname: null,
239 verbose parsed url   hash: null,
239 verbose parsed url   search: null,
239 verbose parsed url   query: null,
239 verbose parsed url   pathname: '~0.9.0',
239 verbose parsed url   path: '~0.9.0',
239 verbose parsed url   href: '~0.9.0' }
240 verbose addNamed [ 'grunt-karma', '~0.9.0' ]
241 verbose addNamed [ null, '>=0.9.0-0 <0.10.0-0' ]
242 silly lockFile 49cd0025-grunt-karma-0-9-0 grunt-karma@~0.9.0
243 verbose lock grunt-karma@~0.9.0 /home/rob/.npm/49cd0025-grunt-karma-0-9-0.lock
244 verbose cache add name="karma-phantomjs-launcher" spec="~0.1.4" args=["karma-phantomjs-launcher","~0.1.4"]
245 verbose parsed url { protocol: null,
245 verbose parsed url   slashes: null,
245 verbose parsed url   auth: null,
245 verbose parsed url   host: null,
245 verbose parsed url   port: null,
245 verbose parsed url   hostname: null,
245 verbose parsed url   hash: null,
245 verbose parsed url   search: null,
245 verbose parsed url   query: null,
245 verbose parsed url   pathname: '~0.1.4',
245 verbose parsed url   path: '~0.1.4',
245 verbose parsed url   href: '~0.1.4' }
246 verbose addNamed [ 'karma-phantomjs-launcher', '~0.1.4' ]
247 verbose addNamed [ null, '>=0.1.4-0 <0.2.0-0' ]
248 silly lockFile d0fddf9c-karma-phantomjs-launcher-0-1-4 karma-phantomjs-launcher@~0.1.4
249 verbose lock karma-phantomjs-launcher@~0.1.4 /home/rob/.npm/d0fddf9c-karma-phantomjs-launcher-0-1-4.lock
250 verbose cache add name="karma-jasmine" spec="~0.3.0" args=["karma-jasmine","~0.3.0"]
251 verbose parsed url { protocol: null,
251 verbose parsed url   slashes: null,
251 verbose parsed url   auth: null,
251 verbose parsed url   host: null,
251 verbose parsed url   port: null,
251 verbose parsed url   hostname: null,
251 verbose parsed url   hash: null,
251 verbose parsed url   search: null,
251 verbose parsed url   query: null,
251 verbose parsed url   pathname: '~0.3.0',
251 verbose parsed url   path: '~0.3.0',
251 verbose parsed url   href: '~0.3.0' }
252 verbose addNamed [ 'karma-jasmine', '~0.3.0' ]
253 verbose addNamed [ null, '>=0.3.0-0 <0.4.0-0' ]
254 silly lockFile 28480522-karma-jasmine-0-3-0 karma-jasmine@~0.3.0
255 verbose lock karma-jasmine@~0.3.0 /home/rob/.npm/28480522-karma-jasmine-0-3-0.lock
256 verbose cache add name="grunt-postcss" spec="~0.2.0" args=["grunt-postcss","~0.2.0"]
257 verbose parsed url { protocol: null,
257 verbose parsed url   slashes: null,
257 verbose parsed url   auth: null,
257 verbose parsed url   host: null,
257 verbose parsed url   port: null,
257 verbose parsed url   hostname: null,
257 verbose parsed url   hash: null,
257 verbose parsed url   search: null,
257 verbose parsed url   query: null,
257 verbose parsed url   pathname: '~0.2.0',
257 verbose parsed url   path: '~0.2.0',
257 verbose parsed url   href: '~0.2.0' }
258 verbose addNamed [ 'grunt-postcss', '~0.2.0' ]
259 verbose addNamed [ null, '>=0.2.0-0 <0.3.0-0' ]
260 silly lockFile bf392d7f-grunt-postcss-0-2-0 grunt-postcss@~0.2.0
261 verbose lock grunt-postcss@~0.2.0 /home/rob/.npm/bf392d7f-grunt-postcss-0-2-0.lock
262 verbose cache add name="grunt-build-control" spec="~0.2.2" args=["grunt-build-control","~0.2.2"]
263 verbose parsed url { protocol: null,
263 verbose parsed url   slashes: null,
263 verbose parsed url   auth: null,
263 verbose parsed url   host: null,
263 verbose parsed url   port: null,
263 verbose parsed url   hostname: null,
263 verbose parsed url   hash: null,
263 verbose parsed url   search: null,
263 verbose parsed url   query: null,
263 verbose parsed url   pathname: '~0.2.2',
263 verbose parsed url   path: '~0.2.2',
263 verbose parsed url   href: '~0.2.2' }
264 verbose addNamed [ 'grunt-build-control', '~0.2.2' ]
265 verbose addNamed [ null, '>=0.2.2-0 <0.3.0-0' ]
266 silly lockFile a40b0ecc-grunt-build-control-0-2-2 grunt-build-control@~0.2.2
267 verbose lock grunt-build-control@~0.2.2 /home/rob/.npm/a40b0ecc-grunt-build-control-0-2-2.lock
268 verbose cache add name="express" spec="~4.10.5" args=["express","~4.10.5"]
269 verbose parsed url { protocol: null,
269 verbose parsed url   slashes: null,
269 verbose parsed url   auth: null,
269 verbose parsed url   host: null,
269 verbose parsed url   port: null,
269 verbose parsed url   hostname: null,
269 verbose parsed url   hash: null,
269 verbose parsed url   search: null,
269 verbose parsed url   query: null,
269 verbose parsed url   pathname: '~4.10.5',
269 verbose parsed url   path: '~4.10.5',
269 verbose parsed url   href: '~4.10.5' }
270 verbose addNamed [ 'express', '~4.10.5' ]
271 verbose addNamed [ null, '>=4.10.5-0 <4.11.0-0' ]
272 silly lockFile 82355447-express-4-10-5 express@~4.10.5
273 verbose lock express@~4.10.5 /home/rob/.npm/82355447-express-4-10-5.lock
274 verbose cache add name="grunt" spec="^0.4.1" args=["grunt","^0.4.1"]
275 verbose parsed url { protocol: null,
275 verbose parsed url   slashes: null,
275 verbose parsed url   auth: null,
275 verbose parsed url   host: null,
275 verbose parsed url   port: null,
275 verbose parsed url   hostname: null,
275 verbose parsed url   hash: null,
275 verbose parsed url   search: null,
275 verbose parsed url   query: null,
275 verbose parsed url   pathname: '^0.4.1',
275 verbose parsed url   path: '^0.4.1',
275 verbose parsed url   href: '^0.4.1' }
276 verbose addNamed [ 'grunt', '^0.4.1' ]
277 verbose addNamed [ null, '>=0.4.1-0 <0.5.0-0' ]
278 silly lockFile be65ff8f-grunt-0-4-1 grunt@^0.4.1
279 verbose lock grunt@^0.4.1 /home/rob/.npm/be65ff8f-grunt-0-4-1.lock
280 silly addNameRange { name: 'grunt-concurrent',
280 silly addNameRange   range: '>=0.5.0-0 <0.6.0-0',
280 silly addNameRange   hasData: false }
281 silly addNameRange { name: 'grunt-contrib-cssmin',
281 silly addNameRange   range: '>=0.9.0-0 <0.10.0-0',
281 silly addNameRange   hasData: false }
282 silly addNameRange { name: 'grunt-contrib-compass',
282 silly addNameRange   range: '>=0.7.2-0 <0.8.0-0',
282 silly addNameRange   hasData: false }
283 silly addNameRange { name: 'grunt-contrib-htmlmin',
283 silly addNameRange   range: '>=0.3.0-0 <0.4.0-0',
283 silly addNameRange   hasData: false }
284 silly addNameRange { name: 'grunt-contrib-imagemin',
284 silly addNameRange   range: '>=0.8.1-0 <0.9.0-0',
284 silly addNameRange   hasData: false }
285 silly addNameRange { name: 'grunt-contrib-concat',
285 silly addNameRange   range: '>=0.4.0-0 <0.5.0-0',
285 silly addNameRange   hasData: false }
286 silly addNameRange { name: 'grunt-contrib-connect',
286 silly addNameRange   range: '>=0.7.1-0 <0.8.0-0',
286 silly addNameRange   hasData: false }
287 silly addNameRange { name: 'grunt-contrib-jshint',
287 silly addNameRange   range: '>=0.10.0-0 <0.11.0-0',
287 silly addNameRange   hasData: false }
288 silly addNameRange { name: 'grunt-contrib-uglify',
288 silly addNameRange   range: '>=0.4.0-0 <0.5.0-0',
288 silly addNameRange   hasData: false }
289 silly addNameRange { name: 'grunt-contrib-watch',
289 silly addNameRange   range: '>=0.6.1-0 <0.7.0-0',
289 silly addNameRange   hasData: false }
290 silly addNameRange { name: 'grunt-filerev',
290 silly addNameRange   range: '>=0.2.1-0 <0.3.0-0',
290 silly addNameRange   hasData: false }
291 silly addNameRange { name: 'grunt-google-cdn',
291 silly addNameRange   range: '>=0.4.0-0 <0.5.0-0',
291 silly addNameRange   hasData: false }
292 silly addNameRange { name: 'grunt-newer',
292 silly addNameRange   range: '>=0.7.0-0 <0.8.0-0',
292 silly addNameRange   hasData: false }
293 silly addNameRange { name: 'grunt-autoprefixer',
293 silly addNameRange   range: '>=0.7.3-0 <0.8.0-0',
293 silly addNameRange   hasData: false }
294 silly addNameRange { name: 'grunt-contrib-copy',
294 silly addNameRange   range: '>=0.5.0-0 <0.6.0-0',
294 silly addNameRange   hasData: false }
295 silly addNameRange { name: 'grunt-contrib-clean',
295 silly addNameRange   range: '>=0.5.0-0 <0.6.0-0',
295 silly addNameRange   hasData: false }
296 silly addNameRange { name: 'grunt-ng-annotate',
296 silly addNameRange   range: '>=0.4.0-0 <0.5.0-0',
296 silly addNameRange   hasData: false }
297 silly addNameRange { name: 'grunt-svgmin',
297 silly addNameRange   range: '>=0.4.0-0 <0.5.0-0',
297 silly addNameRange   hasData: false }
298 silly addNameRange { name: 'grunt-usemin',
298 silly addNameRange   range: '>=2.1.1-0 <3.0.0-0',
298 silly addNameRange   hasData: false }
299 silly addNameRange { name: 'time-grunt',
299 silly addNameRange   range: '>=0.3.1-0 <0.4.0-0',
299 silly addNameRange   hasData: false }
300 silly addNameRange { name: 'grunt-karma',
300 silly addNameRange   range: '>=0.9.0-0 <0.10.0-0',
300 silly addNameRange   hasData: false }
301 silly addNameRange { name: 'karma-phantomjs-launcher',
301 silly addNameRange   range: '>=0.1.4-0 <0.2.0-0',
301 silly addNameRange   hasData: false }
302 silly addNameRange { name: 'karma-jasmine',
302 silly addNameRange   range: '>=0.3.0-0 <0.4.0-0',
302 silly addNameRange   hasData: false }
303 silly addNameRange { name: 'grunt-postcss',
303 silly addNameRange   range: '>=0.2.0-0 <0.3.0-0',
303 silly addNameRange   hasData: false }
304 silly addNameRange { name: 'grunt-build-control',
304 silly addNameRange   range: '>=0.2.2-0 <0.3.0-0',
304 silly addNameRange   hasData: false }
305 silly addNameRange { name: 'express',
305 silly addNameRange   range: '>=4.10.5-0 <4.11.0-0',
305 silly addNameRange   hasData: false }
306 silly addNameRange { name: 'grunt', range: '>=0.4.1-0 <0.5.0-0', hasData: false }
307 silly addNameRange { name: 'grunt-wiredep',
307 silly addNameRange   range: '>=1.7.0-0 <2.0.0-0',
307 silly addNameRange   hasData: false }
308 silly addNameRange { name: 'jshint-stylish',
308 silly addNameRange   range: '>=0.2.0-0 <0.3.0-0',
308 silly addNameRange   hasData: false }
309 silly addNameRange { name: 'load-grunt-tasks',
309 silly addNameRange   range: '>=0.4.0-0 <0.5.0-0',
309 silly addNameRange   hasData: false }
310 verbose request where is /grunt-build-control
311 verbose request registry https://registry.npmjs.org/
312 verbose request id f4b75bce8cd54e29
313 verbose url raw /grunt-build-control
314 verbose url resolving [ 'https://registry.npmjs.org/', './grunt-build-control' ]
315 verbose url resolved https://registry.npmjs.org/grunt-build-control
316 verbose request where is https://registry.npmjs.org/grunt-build-control
317 info trying registry request attempt 1 at 00:08:04
318 http GET https://registry.npmjs.org/grunt-build-control
319 info retry will retry, error on last attempt: Error: getaddrinfo ENOTFOUND
320 verbose request where is /grunt-contrib-htmlmin
321 verbose request registry https://registry.npmjs.org/
322 verbose url raw /grunt-contrib-htmlmin
323 verbose url resolving [ 'https://registry.npmjs.org/', './grunt-contrib-htmlmin' ]
324 verbose url resolved https://registry.npmjs.org/grunt-contrib-htmlmin
325 verbose request where is https://registry.npmjs.org/grunt-contrib-htmlmin
326 info trying registry request attempt 1 at 00:08:04
327 verbose etag "68EVGKFAJGJ9GBPVM4AKRC1NY"
328 http GET https://registry.npmjs.org/grunt-contrib-htmlmin
329 verbose request where is /grunt-concurrent
330 verbose request registry https://registry.npmjs.org/
331 verbose url raw /grunt-concurrent
332 verbose url resolving [ 'https://registry.npmjs.org/', './grunt-concurrent' ]
333 verbose url resolved https://registry.npmjs.org/grunt-concurrent
334 verbose request where is https://registry.npmjs.org/grunt-concurrent
335 info trying registry request attempt 1 at 00:08:04
336 verbose etag "A9ZCBUTGQ15FE90IVCRTYX0UG"
337 http GET https://registry.npmjs.org/grunt-concurrent
338 verbose request where is /grunt-contrib-cssmin
339 verbose request registry https://registry.npmjs.org/
340 verbose url raw /grunt-contrib-cssmin
341 verbose url resolving [ 'https://registry.npmjs.org/', './grunt-contrib-cssmin' ]
342 verbose url resolved https://registry.npmjs.org/grunt-contrib-cssmin
343 verbose request where is https://registry.npmjs.org/grunt-contrib-cssmin
344 info trying registry request attempt 1 at 00:08:04
345 verbose etag "3BA7H97V8PRJBYS3Y73CZMD0G"
346 http GET https://registry.npmjs.org/grunt-contrib-cssmin
347 verbose request where is /grunt-contrib-concat
348 verbose request registry https://registry.npmjs.org/
349 verbose url raw /grunt-contrib-concat
350 verbose url resolving [ 'https://registry.npmjs.org/', './grunt-contrib-concat' ]
351 verbose url resolved https://registry.npmjs.org/grunt-contrib-concat
352 verbose request where is https://registry.npmjs.org/grunt-contrib-concat
353 info trying registry request attempt 1 at 00:08:04
354 verbose etag "59TREHQ7WHWGJWOZRWFYZK8WR"
355 http GET https://registry.npmjs.org/grunt-contrib-concat
356 verbose request where is /grunt-contrib-connect
357 verbose request registry https://registry.npmjs.org/
358 verbose url raw /grunt-contrib-connect
359 verbose url resolving [ 'https://registry.npmjs.org/', './grunt-contrib-connect' ]
360 verbose url resolved https://registry.npmjs.org/grunt-contrib-connect
361 verbose request where is https://registry.npmjs.org/grunt-contrib-connect
362 info trying registry request attempt 1 at 00:08:04
363 verbose etag "31IF2SFUO7XAJ6K9GIS5TAS4G"
364 http GET https://registry.npmjs.org/grunt-contrib-connect
365 verbose request where is /grunt-contrib-compass
366 verbose request registry https://registry.npmjs.org/
367 verbose url raw /grunt-contrib-compass
368 verbose url resolving [ 'https://registry.npmjs.org/', './grunt-contrib-compass' ]
369 verbose url resolved https://registry.npmjs.org/grunt-contrib-compass
370 verbose request where is https://registry.npmjs.org/grunt-contrib-compass
371 info trying registry request attempt 1 at 00:08:04
372 verbose etag "2K61BYMEBZLNEP2TTMDWUI9RL"
373 http GET https://registry.npmjs.org/grunt-contrib-compass
374 verbose request where is /grunt-contrib-jshint
375 verbose request registry https://registry.npmjs.org/
376 verbose url raw /grunt-contrib-jshint
377 verbose url resolving [ 'https://registry.npmjs.org/', './grunt-contrib-jshint' ]
378 verbose url resolved https://registry.npmjs.org/grunt-contrib-jshint
379 verbose request where is https://registry.npmjs.org/grunt-contrib-jshint
380 info trying registry request attempt 1 at 00:08:04
381 verbose etag "EJSPA5LPTLTTHZTOFSBK98L5F"
382 http GET https://registry.npmjs.org/grunt-contrib-jshint
383 info retry will retry, error on last attempt: Error: getaddrinfo ENOTFOUND
384 info retry will retry, error on last attempt: Error: getaddrinfo ENOTFOUND
385 info retry will retry, error on last attempt: Error: getaddrinfo ENOTFOUND
386 verbose request where is /grunt-contrib-uglify
387 verbose request registry https://registry.npmjs.org/
388 verbose url raw /grunt-contrib-uglify
389 verbose url resolving [ 'https://registry.npmjs.org/', './grunt-contrib-uglify' ]
390 verbose url resolved https://registry.npmjs.org/grunt-contrib-uglify
391 verbose request where is https://registry.npmjs.org/grunt-contrib-uglify
392 info trying registry request attempt 1 at 00:08:04
393 verbose etag "ELYWFCACGT5FCUOA6W385ZA8K"
394 http GET https://registry.npmjs.org/grunt-contrib-uglify
395 verbose request where is /grunt-contrib-watch
396 verbose request registry https://registry.npmjs.org/
397 verbose url raw /grunt-contrib-watch
398 verbose url resolving [ 'https://registry.npmjs.org/', './grunt-contrib-watch' ]
399 verbose url resolved https://registry.npmjs.org/grunt-contrib-watch
400 verbose request where is https://registry.npmjs.org/grunt-contrib-watch
401 info trying registry request attempt 1 at 00:08:04
402 verbose etag "EYOOWCCILBOSCHCELD9ETYLQ3"
403 http GET https://registry.npmjs.org/grunt-contrib-watch
404 verbose request where is /grunt-contrib-imagemin
405 verbose request registry https://registry.npmjs.org/
406 verbose url raw /grunt-contrib-imagemin
407 verbose url resolving [ 'https://registry.npmjs.org/', './grunt-contrib-imagemin' ]
408 verbose url resolved https://registry.npmjs.org/grunt-contrib-imagemin
409 verbose request where is https://registry.npmjs.org/grunt-contrib-imagemin
410 info trying registry request attempt 1 at 00:08:04
411 verbose etag "B3DJ7QEFSMT2MS1120WDP9HL"
412 http GET https://registry.npmjs.org/grunt-contrib-imagemin
413 verbose request where is /grunt-contrib-clean
414 verbose request registry https://registry.npmjs.org/
415 verbose url raw /grunt-contrib-clean
416 verbose url resolving [ 'https://registry.npmjs.org/', './grunt-contrib-clean' ]
417 verbose url resolved https://registry.npmjs.org/grunt-contrib-clean
418 verbose request where is https://registry.npmjs.org/grunt-contrib-clean
419 info trying registry request attempt 1 at 00:08:04
420 verbose etag "A8FU8IZ1WH6XT56U20QY24RO5"
421 http GET https://registry.npmjs.org/grunt-contrib-clean
422 verbose request where is /grunt-newer
423 verbose request registry https://registry.npmjs.org/
424 verbose url raw /grunt-newer
425 verbose url resolving [ 'https://registry.npmjs.org/', './grunt-newer' ]
426 verbose url resolved https://registry.npmjs.org/grunt-newer
427 verbose request where is https://registry.npmjs.org/grunt-newer
428 info trying registry request attempt 1 at 00:08:04
429 verbose etag "ERESF4180A6BU5JA27B432TS8"
430 http GET https://registry.npmjs.org/grunt-newer
431 verbose request where is /grunt-filerev
432 verbose request registry https://registry.npmjs.org/
433 verbose url raw /grunt-filerev
434 verbose url resolving [ 'https://registry.npmjs.org/', './grunt-filerev' ]
435 verbose url resolved https://registry.npmjs.org/grunt-filerev
436 verbose request where is https://registry.npmjs.org/grunt-filerev
437 info trying registry request attempt 1 at 00:08:04
438 verbose etag "186FO1EF5A3IMGROXISMVYKZZ"
439 http GET https://registry.npmjs.org/grunt-filerev
440 verbose request where is /grunt-google-cdn
441 verbose request registry https://registry.npmjs.org/
442 verbose url raw /grunt-google-cdn
443 verbose url resolving [ 'https://registry.npmjs.org/', './grunt-google-cdn' ]
444 verbose url resolved https://registry.npmjs.org/grunt-google-cdn
445 verbose request where is https://registry.npmjs.org/grunt-google-cdn
446 info trying registry request attempt 1 at 00:08:04
447 verbose etag "3UOXXN3W4HK7HWTCGUF2A9LY8"
448 http GET https://registry.npmjs.org/grunt-google-cdn
449 verbose request where is /grunt-contrib-copy
450 verbose request registry https://registry.npmjs.org/
451 verbose url raw /grunt-contrib-copy
452 verbose url resolving [ 'https://registry.npmjs.org/', './grunt-contrib-copy' ]
453 verbose url resolved https://registry.npmjs.org/grunt-contrib-copy
454 verbose request where is https://registry.npmjs.org/grunt-contrib-copy
455 info trying registry request attempt 1 at 00:08:04
456 verbose etag "BWRBJMFPNFZWEUY50OBAAPP64"
457 http GET https://registry.npmjs.org/grunt-contrib-copy
458 verbose request where is /grunt-autoprefixer
459 verbose request registry https://registry.npmjs.org/
460 verbose url raw /grunt-autoprefixer
461 verbose url resolving [ 'https://registry.npmjs.org/', './grunt-autoprefixer' ]
462 verbose url resolved https://registry.npmjs.org/grunt-autoprefixer
463 verbose request where is https://registry.npmjs.org/grunt-autoprefixer
464 info trying registry request attempt 1 at 00:08:04
465 verbose etag "EL2OGRNFRL7NRWOVV8GS3XNWV"
466 http GET https://registry.npmjs.org/grunt-autoprefixer
467 verbose request where is /grunt-svgmin
468 verbose request registry https://registry.npmjs.org/
469 verbose url raw /grunt-svgmin
470 verbose url resolving [ 'https://registry.npmjs.org/', './grunt-svgmin' ]
471 verbose url resolved https://registry.npmjs.org/grunt-svgmin
472 verbose request where is https://registry.npmjs.org/grunt-svgmin
473 info trying registry request attempt 1 at 00:08:04
474 verbose etag "8ULS8S2ACZ14NERXNOEY4XIUH"
475 http GET https://registry.npmjs.org/grunt-svgmin
476 verbose request where is /grunt-usemin
477 verbose request registry https://registry.npmjs.org/
478 verbose url raw /grunt-usemin
479 verbose url resolving [ 'https://registry.npmjs.org/', './grunt-usemin' ]
480 verbose url resolved https://registry.npmjs.org/grunt-usemin
481 verbose request where is https://registry.npmjs.org/grunt-usemin
482 info trying registry request attempt 1 at 00:08:04
483 verbose etag "6V5RP9AIXBPOIAXA7PC70B2H4"
484 http GET https://registry.npmjs.org/grunt-usemin
485 info retry will retry, error on last attempt: Error: getaddrinfo ENOTFOUND
486 verbose request where is /grunt-ng-annotate
487 verbose request registry https://registry.npmjs.org/
488 verbose url raw /grunt-ng-annotate
489 verbose url resolving [ 'https://registry.npmjs.org/', './grunt-ng-annotate' ]
490 verbose url resolved https://registry.npmjs.org/grunt-ng-annotate
491 verbose request where is https://registry.npmjs.org/grunt-ng-annotate
492 info trying registry request attempt 1 at 00:08:04
493 verbose etag "4Y5SDQLQN1H0MT4TK07AU1JY3"
494 http GET https://registry.npmjs.org/grunt-ng-annotate
495 info retry will retry, error on last attempt: Error: getaddrinfo ENOTFOUND
496 verbose request where is /time-grunt
497 verbose request registry https://registry.npmjs.org/
498 verbose url raw /time-grunt
499 verbose url resolving [ 'https://registry.npmjs.org/', './time-grunt' ]
500 verbose url resolved https://registry.npmjs.org/time-grunt
501 verbose request where is https://registry.npmjs.org/time-grunt
502 info trying registry request attempt 1 at 00:08:04
503 verbose etag "4CCMUIHI7EVMVK6BAWWQYG4QZ"
504 http GET https://registry.npmjs.org/time-grunt
505 verbose request where is /grunt-postcss
506 verbose request registry https://registry.npmjs.org/
507 verbose url raw /grunt-postcss
508 verbose url resolving [ 'https://registry.npmjs.org/', './grunt-postcss' ]
509 verbose url resolved https://registry.npmjs.org/grunt-postcss
510 verbose request where is https://registry.npmjs.org/grunt-postcss
511 info trying registry request attempt 1 at 00:08:04
512 verbose etag "X0L783BBDMQA11CKUTT9PDXG"
513 http GET https://registry.npmjs.org/grunt-postcss
514 verbose request where is /grunt-karma
515 verbose request registry https://registry.npmjs.org/
516 verbose url raw /grunt-karma
517 verbose url resolving [ 'https://registry.npmjs.org/', './grunt-karma' ]
518 verbose url resolved https://registry.npmjs.org/grunt-karma
519 verbose request where is https://registry.npmjs.org/grunt-karma
520 info trying registry request attempt 1 at 00:08:04
521 verbose etag "50R1YO04BUNB1LII6I505LKYK"
522 http GET https://registry.npmjs.org/grunt-karma
523 verbose request where is /karma-phantomjs-launcher
524 verbose request registry https://registry.npmjs.org/
525 verbose url raw /karma-phantomjs-launcher
526 verbose url resolving [ 'https://registry.npmjs.org/', './karma-phantomjs-launcher' ]
527 verbose url resolved https://registry.npmjs.org/karma-phantomjs-launcher
528 verbose request where is https://registry.npmjs.org/karma-phantomjs-launcher
529 info trying registry request attempt 1 at 00:08:04
530 verbose etag "66UFY5MR6A83JYRYD5F5XPBQP"
531 http GET https://registry.npmjs.org/karma-phantomjs-launcher
532 info retry will retry, error on last attempt: Error: getaddrinfo ENOTFOUND
533 info retry will retry, error on last attempt: Error: getaddrinfo ENOTFOUND
534 verbose request where is /grunt-wiredep
535 verbose request registry https://registry.npmjs.org/
536 verbose url raw /grunt-wiredep
537 verbose url resolving [ 'https://registry.npmjs.org/', './grunt-wiredep' ]
538 verbose url resolved https://registry.npmjs.org/grunt-wiredep
539 verbose request where is https://registry.npmjs.org/grunt-wiredep
540 info trying registry request attempt 1 at 00:08:04
541 verbose etag "1WFIWLXTKCVXGVQ68EQB904QT"
542 http GET https://registry.npmjs.org/grunt-wiredep
543 verbose request where is /karma-jasmine
544 verbose request registry https://registry.npmjs.org/
545 verbose url raw /karma-jasmine
546 verbose url resolving [ 'https://registry.npmjs.org/', './karma-jasmine' ]
547 verbose url resolved https://registry.npmjs.org/karma-jasmine
548 verbose request where is https://registry.npmjs.org/karma-jasmine
549 info trying registry request attempt 1 at 00:08:04
550 verbose etag "4XGLXSUPV5LJRNFSOX64GYABP"
551 http GET https://registry.npmjs.org/karma-jasmine
552 info retry will retry, error on last attempt: Error: getaddrinfo ENOTFOUND
553 info retry will retry, error on last attempt: Error: getaddrinfo ENOTFOUND
554 info retry will retry, error on last attempt: Error: getaddrinfo ENOTFOUND
555 verbose request where is /jshint-stylish
556 verbose request registry https://registry.npmjs.org/
557 verbose url raw /jshint-stylish
558 verbose url resolving [ 'https://registry.npmjs.org/', './jshint-stylish' ]
559 verbose url resolved https://registry.npmjs.org/jshint-stylish
560 verbose request where is https://registry.npmjs.org/jshint-stylish
561 info trying registry request attempt 1 at 00:08:04
562 verbose etag "1QM80X0EFZC5AMHWO841V2YMU"
563 http GET https://registry.npmjs.org/jshint-stylish
564 verbose request where is /load-grunt-tasks
565 verbose request registry https://registry.npmjs.org/
566 verbose url raw /load-grunt-tasks
567 verbose url resolving [ 'https://registry.npmjs.org/', './load-grunt-tasks' ]
568 verbose url resolved https://registry.npmjs.org/load-grunt-tasks
569 verbose request where is https://registry.npmjs.org/load-grunt-tasks
570 info trying registry request attempt 1 at 00:08:04
571 verbose etag "23R1JHT5JJYMKZWIY3RJI3K7Z"
572 http GET https://registry.npmjs.org/load-grunt-tasks
573 info retry will retry, error on last attempt: Error: getaddrinfo ENOTFOUND
574 info retry will retry, error on last attempt: Error: getaddrinfo ENOTFOUND
575 info retry will retry, error on last attempt: Error: getaddrinfo ENOTFOUND
576 verbose request where is /grunt
577 verbose request registry https://registry.npmjs.org/
578 verbose url raw /grunt
579 verbose url resolving [ 'https://registry.npmjs.org/', './grunt' ]
580 verbose url resolved https://registry.npmjs.org/grunt
581 verbose request where is https://registry.npmjs.org/grunt
582 info trying registry request attempt 1 at 00:08:04
583 verbose etag "C2BU4GESW5Q7AOZB3O0PC8GHK"
584 http GET https://registry.npmjs.org/grunt
585 verbose request where is /express
586 verbose request registry https://registry.npmjs.org/
587 verbose url raw /express
588 verbose url resolving [ 'https://registry.npmjs.org/', './express' ]
589 verbose url resolved https://registry.npmjs.org/express
590 verbose request where is https://registry.npmjs.org/express
591 info trying registry request attempt 1 at 00:08:04
592 verbose etag "D8JTMIQ8XPUUFQZSDDUIKJ3RR"
593 http GET https://registry.npmjs.org/express
594 info retry will retry, error on last attempt: Error: getaddrinfo ENOTFOUND
595 info retry will retry, error on last attempt: Error: getaddrinfo ENOTFOUND
596 info retry will retry, error on last attempt: Error: getaddrinfo ENOTFOUND
597 info retry will retry, error on last attempt: Error: getaddrinfo ENOTFOUND
598 info retry will retry, error on last attempt: Error: getaddrinfo ENOTFOUND
599 info retry will retry, error on last attempt: Error: getaddrinfo ENOTFOUND
600 info retry will retry, error on last attempt: Error: getaddrinfo ENOTFOUND
601 info retry will retry, error on last attempt: Error: getaddrinfo ENOTFOUND
602 info retry will retry, error on last attempt: Error: getaddrinfo ENOTFOUND
603 info retry will retry, error on last attempt: Error: getaddrinfo ENOTFOUND
604 info retry will retry, error on last attempt: Error: getaddrinfo ENOTFOUND
605 info retry will retry, error on last attempt: Error: getaddrinfo ENOTFOUND
606 info retry will retry, error on last attempt: Error: getaddrinfo ENOTFOUND
607 info retry will retry, error on last attempt: Error: getaddrinfo ENOTFOUND
608 info retry will retry, error on last attempt: Error: getaddrinfo ENOTFOUND
609 info retry will retry, error on last attempt: Error: getaddrinfo ENOTFOUND
610 info trying registry request attempt 2 at 00:08:14
611 http GET https://registry.npmjs.org/grunt-build-control
612 info retry will retry, error on last attempt: Error: getaddrinfo ENOTFOUND
613 info trying registry request attempt 2 at 00:08:14
614 verbose etag "68EVGKFAJGJ9GBPVM4AKRC1NY"
615 http GET https://registry.npmjs.org/grunt-contrib-htmlmin
616 info trying registry request attempt 2 at 00:08:14
617 verbose etag "A9ZCBUTGQ15FE90IVCRTYX0UG"
618 http GET https://registry.npmjs.org/grunt-concurrent
619 info retry will retry, error on last attempt: Error: getaddrinfo ENOTFOUND
620 info trying registry request attempt 2 at 00:08:14
621 verbose etag "3BA7H97V8PRJBYS3Y73CZMD0G"
622 http GET https://registry.npmjs.org/grunt-contrib-cssmin
623 info retry will retry, error on last attempt: Error: getaddrinfo ENOTFOUND
624 info retry will retry, error on last attempt: Error: getaddrinfo ENOTFOUND
625 info trying registry request attempt 2 at 00:08:14
626 verbose etag "59TREHQ7WHWGJWOZRWFYZK8WR"
627 http GET https://registry.npmjs.org/grunt-contrib-concat
628 info retry will retry, error on last attempt: Error: getaddrinfo ENOTFOUND
629 info trying registry request attempt 2 at 00:08:14
630 verbose etag "31IF2SFUO7XAJ6K9GIS5TAS4G"
631 http GET https://registry.npmjs.org/grunt-contrib-connect
632 info retry will retry, error on last attempt: Error: getaddrinfo ENOTFOUND
633 info trying registry request attempt 2 at 00:08:14
634 verbose etag "2K61BYMEBZLNEP2TTMDWUI9RL"
635 http GET https://registry.npmjs.org/grunt-contrib-compass
636 info trying registry request attempt 2 at 00:08:14
637 verbose etag "EJSPA5LPTLTTHZTOFSBK98L5F"
638 http GET https://registry.npmjs.org/grunt-contrib-jshint
639 info retry will retry, error on last attempt: Error: getaddrinfo ENOTFOUND
640 info retry will retry, error on last attempt: Error: getaddrinfo ENOTFOUND
641 info trying registry request attempt 2 at 00:08:14
642 verbose etag "ELYWFCACGT5FCUOA6W385ZA8K"
643 http GET https://registry.npmjs.org/grunt-contrib-uglify
644 info trying registry request attempt 2 at 00:08:14
645 verbose etag "EYOOWCCILBOSCHCELD9ETYLQ3"
646 http GET https://registry.npmjs.org/grunt-contrib-watch
647 info trying registry request attempt 2 at 00:08:14
648 verbose etag "B3DJ7QEFSMT2MS1120WDP9HL"
649 http GET https://registry.npmjs.org/grunt-contrib-imagemin
650 info retry will retry, error on last attempt: Error: getaddrinfo ENOTFOUND
651 info retry will retry, error on last attempt: Error: getaddrinfo ENOTFOUND
652 info retry will retry, error on last attempt: Error: getaddrinfo ENOTFOUND
653 info trying registry request attempt 2 at 00:08:14
654 verbose etag "A8FU8IZ1WH6XT56U20QY24RO5"
655 http GET https://registry.npmjs.org/grunt-contrib-clean
656 info trying registry request attempt 2 at 00:08:14
657 verbose etag "ERESF4180A6BU5JA27B432TS8"
658 http GET https://registry.npmjs.org/grunt-newer
659 info trying registry request attempt 2 at 00:08:14
660 verbose etag "186FO1EF5A3IMGROXISMVYKZZ"
661 http GET https://registry.npmjs.org/grunt-filerev
662 info retry will retry, error on last attempt: Error: getaddrinfo ENOTFOUND
663 info retry will retry, error on last attempt: Error: getaddrinfo ENOTFOUND
664 info retry will retry, error on last attempt: Error: getaddrinfo ENOTFOUND
665 info trying registry request attempt 2 at 00:08:14
666 verbose etag "3UOXXN3W4HK7HWTCGUF2A9LY8"
667 http GET https://registry.npmjs.org/grunt-google-cdn
668 info trying registry request attempt 2 at 00:08:14
669 verbose etag "BWRBJMFPNFZWEUY50OBAAPP64"
670 http GET https://registry.npmjs.org/grunt-contrib-copy
671 info retry will retry, error on last attempt: Error: getaddrinfo ENOTFOUND
672 info retry will retry, error on last attempt: Error: getaddrinfo ENOTFOUND
673 info trying registry request attempt 2 at 00:08:14
674 verbose etag "EL2OGRNFRL7NRWOVV8GS3XNWV"
675 http GET https://registry.npmjs.org/grunt-autoprefixer
676 info trying registry request attempt 2 at 00:08:14
677 verbose etag "8ULS8S2ACZ14NERXNOEY4XIUH"
678 http GET https://registry.npmjs.org/grunt-svgmin
679 info trying registry request attempt 2 at 00:08:14
680 verbose etag "6V5RP9AIXBPOIAXA7PC70B2H4"
681 http GET https://registry.npmjs.org/grunt-usemin
682 info trying registry request attempt 2 at 00:08:14
683 verbose etag "4Y5SDQLQN1H0MT4TK07AU1JY3"
684 http GET https://registry.npmjs.org/grunt-ng-annotate
685 info trying registry request attempt 2 at 00:08:14
686 verbose etag "4CCMUIHI7EVMVK6BAWWQYG4QZ"
687 http GET https://registry.npmjs.org/time-grunt
688 info retry will retry, error on last attempt: Error: getaddrinfo ENOTFOUND
689 info retry will retry, error on last attempt: Error: getaddrinfo ENOTFOUND
690 info retry will retry, error on last attempt: Error: getaddrinfo ENOTFOUND
691 info retry will retry, error on last attempt: Error: getaddrinfo ENOTFOUND
692 info retry will retry, error on last attempt: Error: getaddrinfo ENOTFOUND
693 info trying registry request attempt 2 at 00:08:14
694 verbose etag "X0L783BBDMQA11CKUTT9PDXG"
695 http GET https://registry.npmjs.org/grunt-postcss
696 info trying registry request attempt 2 at 00:08:14
697 verbose etag "50R1YO04BUNB1LII6I505LKYK"
698 http GET https://registry.npmjs.org/grunt-karma
699 info trying registry request attempt 2 at 00:08:14
700 verbose etag "66UFY5MR6A83JYRYD5F5XPBQP"
701 http GET https://registry.npmjs.org/karma-phantomjs-launcher
702 info trying registry request attempt 2 at 00:08:14
703 verbose etag "1WFIWLXTKCVXGVQ68EQB904QT"
704 http GET https://registry.npmjs.org/grunt-wiredep
705 info trying registry request attempt 2 at 00:08:14
706 verbose etag "4XGLXSUPV5LJRNFSOX64GYABP"
707 http GET https://registry.npmjs.org/karma-jasmine
708 info trying registry request attempt 2 at 00:08:14
709 verbose etag "1QM80X0EFZC5AMHWO841V2YMU"
710 http GET https://registry.npmjs.org/jshint-stylish
711 info trying registry request attempt 2 at 00:08:14
712 verbose etag "23R1JHT5JJYMKZWIY3RJI3K7Z"
713 http GET https://registry.npmjs.org/load-grunt-tasks
714 info trying registry request attempt 2 at 00:08:14
715 verbose etag "C2BU4GESW5Q7AOZB3O0PC8GHK"
716 http GET https://registry.npmjs.org/grunt
717 info trying registry request attempt 2 at 00:08:14
718 verbose etag "D8JTMIQ8XPUUFQZSDDUIKJ3RR"
719 http GET https://registry.npmjs.org/express
720 info retry will retry, error on last attempt: Error: getaddrinfo ENOTFOUND
721 info retry will retry, error on last attempt: Error: getaddrinfo ENOTFOUND
722 info retry will retry, error on last attempt: Error: getaddrinfo ENOTFOUND
723 info retry will retry, error on last attempt: Error: getaddrinfo ENOTFOUND
724 info retry will retry, error on last attempt: Error: getaddrinfo ENOTFOUND
725 info retry will retry, error on last attempt: Error: getaddrinfo ENOTFOUND
726 info retry will retry, error on last attempt: Error: getaddrinfo ENOTFOUND
727 info retry will retry, error on last attempt: Error: getaddrinfo ENOTFOUND
728 info retry will retry, error on last attempt: Error: getaddrinfo ENOTFOUND
729 info trying registry request attempt 3 at 00:09:14
730 http GET https://registry.npmjs.org/grunt-build-control
731 silly lockFile a40b0ecc-grunt-build-control-0-2-2 grunt-build-control@~0.2.2
732 silly lockFile a40b0ecc-grunt-build-control-0-2-2 grunt-build-control@~0.2.2
733 error network getaddrinfo ENOTFOUND
733 error network This is most likely not a problem with npm itself
733 error network and is related to network connectivity.
733 error network In most cases you are behind a proxy or have bad network settings.
733 error network
733 error network If you are behind a proxy, please make sure that the
733 error network 'proxy' config is set properly.  See: 'npm help config'
734 error System Linux 3.13.0-24-generic
735 error command "node" "/usr/local/bin/npm" "install"
736 error cwd /home/rob/dev/somewherebetweenus-mobile-web
737 error node -v v0.10.29
738 error npm -v 1.4.21
739 error syscall getaddrinfo
740 error code ENOTFOUND
741 error errno ENOTFOUND
742 verbose exit [ 1, true ]
